Determining if the function fseeko exists failed with the following output:
Change Dir: C:/Users/KingFu/Desktop/UGV - NGCP internship/test/NGCP_Software_2021_2022/opencv-master/out/build/x64-Debug/CMakeFiles/CMakeTmp

Run Build Command(s):C:/Program Files (x86)/Microsoft Visual Studio/2019/Community/Common7/IDE/CommonExtensions/Microsoft/CMake/Ninja/ninja.exe cmTC_2df3e && [1/2] Building C object CMakeFiles\cmTC_2df3e.dir\CheckFunctionExists.c.obj
[2/2] Linking C executable cmTC_2df3e.exe
FAILED: cmTC_2df3e.exe 
cmd.exe /C "cd . && "C:\Program Files (x86)\Microsoft Visual Studio\2019\Community\Common7\IDE\CommonExtensions\Microsoft\CMake\CMake\bin\cmake.exe" -E vs_link_exe --intdir=CMakeFiles\cmTC_2df3e.dir --rc=C:\PROGRA~2\WI3CF2~1\10\bin\100190~1.0\x64\rc.exe --mt=C:\PROGRA~2\WI3CF2~1\10\bin\100190~1.0\x64\mt.exe --manifests  -- C:\PROGRA~2\MICROS~2\2019\COMMUN~1\VC\Tools\MSVC\1429~1.301\bin\Hostx64\x64\link.exe /nologo CMakeFiles\cmTC_2df3e.dir\CheckFunctionExists.c.obj  /out:cmTC_2df3e.exe /implib:cmTC_2df3e.lib /pdb:cmTC_2df3e.pdb /version:0.0 /machine:x64   /debug /INCREMENTAL /subsystem:console  kernel32.lib user32.lib gdi32.lib winspool.lib shell32.lib ole32.lib oleaut32.lib uuid.lib comdlg32.lib advapi32.lib && cd ."
LINK Pass 1: command "C:\PROGRA~2\MICROS~2\2019\COMMUN~1\VC\Tools\MSVC\1429~1.301\bin\Hostx64\x64\link.exe /nologo CMakeFiles\cmTC_2df3e.dir\CheckFunctionExists.c.obj /out:cmTC_2df3e.exe /implib:cmTC_2df3e.lib /pdb:cmTC_2df3e.pdb /version:0.0 /machine:x64 /debug /INCREMENTAL /subsystem:console kernel32.lib user32.lib gdi32.lib winspool.lib shell32.lib ole32.lib oleaut32.lib uuid.lib comdlg32.lib advapi32.lib /MANIFEST /MANIFESTFILE:CMakeFiles\cmTC_2df3e.dir/intermediate.manifest CMakeFiles\cmTC_2df3e.dir/manifest.res" failed (exit code 1120) with the following output:
CheckFunctionExists.c.obj : error LNK2019: unresolved external symbol fseeko referenced in function main
cmTC_2df3e.exe : fatal error LNK1120: 1 unresolved externals
ninja: build stopped: subcommand failed.



Determining size of off64_t failed with the following output:
Change Dir: C:/Users/KingFu/Desktop/UGV - NGCP internship/test/NGCP_Software_2021_2022/opencv-master/out/build/x64-Debug/CMakeFiles/CMakeTmp

Run Build Command(s):C:/Program Files (x86)/Microsoft Visual Studio/2019/Community/Common7/IDE/CommonExtensions/Microsoft/CMake/Ninja/ninja.exe cmTC_94089 && [1/2] Building C object CMakeFiles\cmTC_94089.dir\OFF64_T.c.obj
FAILED: CMakeFiles/cmTC_94089.dir/OFF64_T.c.obj 
C:\PROGRA~2\MICROS~2\2019\COMMUN~1\VC\Tools\MSVC\1429~1.301\bin\Hostx64\x64\cl.exe  /nologo   /DWIN32 /D_WINDOWS /W3  /D _CRT_SECURE_NO_DEPRECATE /D _CRT_NONSTDC_NO_DEPRECATE /D _SCL_SECURE_NO_WARNINGS /Gy /bigobj /Oi  /fp:precise /FS      /MDd /Zi /Ob0 /Od /RTC1 /showIncludes /FoCMakeFiles\cmTC_94089.dir\OFF64_T.c.obj /FdCMakeFiles\cmTC_94089.dir\ /FS -c "C:\Users\KingFu\Desktop\UGV - NGCP internship\test\NGCP_Software_2021_2022\opencv-master\out\build\x64-Debug\CMakeFiles\CheckTypeSize\OFF64_T.c"
C:\Users\KingFu\Desktop\UGV - NGCP internship\test\NGCP_Software_2021_2022\opencv-master\out\build\x64-Debug\CMakeFiles\CheckTypeSize\OFF64_T.c(29): error C2065: 'off64_t': undeclared identifier
C:\Users\KingFu\Desktop\UGV - NGCP internship\test\NGCP_Software_2021_2022\opencv-master\out\build\x64-Debug\CMakeFiles\CheckTypeSize\OFF64_T.c(30): error C2065: 'off64_t': undeclared identifier
C:\Users\KingFu\Desktop\UGV - NGCP internship\test\NGCP_Software_2021_2022\opencv-master\out\build\x64-Debug\CMakeFiles\CheckTypeSize\OFF64_T.c(31): error C2065: 'off64_t': undeclared identifier
C:\Users\KingFu\Desktop\UGV - NGCP internship\test\NGCP_Software_2021_2022\opencv-master\out\build\x64-Debug\CMakeFiles\CheckTypeSize\OFF64_T.c(32): error C2065: 'off64_t': undeclared identifier
C:\Users\KingFu\Desktop\UGV - NGCP internship\test\NGCP_Software_2021_2022\opencv-master\out\build\x64-Debug\CMakeFiles\CheckTypeSize\OFF64_T.c(33): error C2065: 'off64_t': undeclared identifier
ninja: build stopped: subcommand failed.


C:/Users/KingFu/Desktop/UGV - NGCP internship/test/NGCP_Software_2021_2022/opencv-master/out/build/x64-Debug/CMakeFiles/CheckTypeSize/OFF64_T.c:
#include <sys/types.h>
#include <stdint.h>
#include <stddef.h>


#undef KEY
#if defined(__i386)
# define KEY '_','_','i','3','8','6'
#elif defined(__x86_64)
# define KEY '_','_','x','8','6','_','6','4'
#elif defined(__PPC64__)
# define KEY '_','_','P','P','C','6','4','_','_'
#elif defined(__ppc64__)
# define KEY '_','_','p','p','c','6','4','_','_'
#elif defined(__PPC__)
# define KEY '_','_','P','P','C','_','_'
#elif defined(__ppc__)
# define KEY '_','_','p','p','c','_','_'
#elif defined(__aarch64__)
# define KEY '_','_','a','a','r','c','h','6','4','_','_'
#elif defined(__ARM_ARCH_7A__)
# define KEY '_','_','A','R','M','_','A','R','C','H','_','7','A','_','_'
#elif defined(__ARM_ARCH_7S__)
# define KEY '_','_','A','R','M','_','A','R','C','H','_','7','S','_','_'
#endif

#define SIZE (sizeof(off64_t))
static char info_size[] =  {'I', 'N', 'F', 'O', ':', 's','i','z','e','[',
  ('0' + ((SIZE / 10000)%10)),
  ('0' + ((SIZE / 1000)%10)),
  ('0' + ((SIZE / 100)%10)),
  ('0' + ((SIZE / 10)%10)),
  ('0' +  (SIZE    % 10)),
  ']',
#ifdef KEY
  ' ','k','e','y','[', KEY, ']',
#endif
  '\0'};

#ifdef __CLASSIC_C__
int main(argc, argv) int argc; char *argv[];
#else
int main(int argc, char *argv[])
#endif
{
  int require = 0;
  require += info_size[argc];
  (void)argv;
  return require;
}


Determining if the function memmove exists failed with the following output:
Change Dir: C:/Users/KingFu/Desktop/UGV - NGCP internship/test/NGCP_Software_2021_2022/opencv-master/out/build/x64-Debug/CMakeFiles/CMakeTmp

Run Build Command(s):C:/Program Files (x86)/Microsoft Visual Studio/2019/Community/Common7/IDE/CommonExtensions/Microsoft/CMake/Ninja/ninja.exe cmTC_fefba && [1/2] Building C object CMakeFiles\cmTC_fefba.dir\CheckFunctionExists.c.obj
FAILED: CMakeFiles/cmTC_fefba.dir/CheckFunctionExists.c.obj 
C:\PROGRA~2\MICROS~2\2019\COMMUN~1\VC\Tools\MSVC\1429~1.301\bin\Hostx64\x64\cl.exe  /nologo   /DWIN32 /D_WINDOWS /W3  /D _CRT_SECURE_NO_DEPRECATE /D _CRT_NONSTDC_NO_DEPRECATE /D _SCL_SECURE_NO_WARNINGS /Gy /bigobj /Oi  /fp:precise /FS     -DCHECK_FUNCTION_EXISTS=memmove /MDd /Zi /Ob0 /Od /RTC1 /showIncludes /FoCMakeFiles\cmTC_fefba.dir\CheckFunctionExists.c.obj /FdCMakeFiles\cmTC_fefba.dir\ /FS -c "C:\Program Files (x86)\Microsoft Visual Studio\2019\Community\Common7\IDE\CommonExtensions\Microsoft\CMake\CMake\share\cmake-3.20\Modules\CheckFunctionExists.c"
C:\Program Files (x86)\Microsoft Visual Studio\2019\Community\Common7\IDE\CommonExtensions\Microsoft\CMake\CMake\share\cmake-3.20\Modules\CheckFunctionExists.c(7): warning C4391: 'char memmove(void)': incorrect return type for intrinsic function, expected 'void'
C:\Program Files (x86)\Microsoft Visual Studio\2019\Community\Common7\IDE\CommonExtensions\Microsoft\CMake\CMake\share\cmake-3.20\Modules\CheckFunctionExists.c(7): warning C4392: 'char memmove(void)': incorrect number of arguments for intrinsic function, expected '3' arguments
C:\Program Files (x86)\Microsoft Visual Studio\2019\Community\Common7\IDE\CommonExtensions\Microsoft\CMake\CMake\share\cmake-3.20\Modules\CheckFunctionExists.c(17): error C2168: 'memmove': too few actual parameters for intrinsic function
ninja: build stopped: subcommand failed.



Determining if the function strcasecmp exists failed with the following output:
Change Dir: C:/Users/KingFu/Desktop/UGV - NGCP internship/test/NGCP_Software_2021_2022/opencv-master/out/build/x64-Debug/CMakeFiles/CMakeTmp

Run Build Command(s):C:/Program Files (x86)/Microsoft Visual Studio/2019/Community/Common7/IDE/CommonExtensions/Microsoft/CMake/Ninja/ninja.exe cmTC_0a2e3 && [1/2] Building C object CMakeFiles\cmTC_0a2e3.dir\CheckFunctionExists.c.obj
[2/2] Linking C executable cmTC_0a2e3.exe
FAILED: cmTC_0a2e3.exe 
cmd.exe /C "cd . && "C:\Program Files (x86)\Microsoft Visual Studio\2019\Community\Common7\IDE\CommonExtensions\Microsoft\CMake\CMake\bin\cmake.exe" -E vs_link_exe --intdir=CMakeFiles\cmTC_0a2e3.dir --rc=C:\PROGRA~2\WI3CF2~1\10\bin\100190~1.0\x64\rc.exe --mt=C:\PROGRA~2\WI3CF2~1\10\bin\100190~1.0\x64\mt.exe --manifests  -- C:\PROGRA~2\MICROS~2\2019\COMMUN~1\VC\Tools\MSVC\1429~1.301\bin\Hostx64\x64\link.exe /nologo CMakeFiles\cmTC_0a2e3.dir\CheckFunctionExists.c.obj  /out:cmTC_0a2e3.exe /implib:cmTC_0a2e3.lib /pdb:cmTC_0a2e3.pdb /version:0.0 /machine:x64   /debug /INCREMENTAL /subsystem:console  kernel32.lib user32.lib gdi32.lib winspool.lib shell32.lib ole32.lib oleaut32.lib uuid.lib comdlg32.lib advapi32.lib && cd ."
LINK Pass 1: command "C:\PROGRA~2\MICROS~2\2019\COMMUN~1\VC\Tools\MSVC\1429~1.301\bin\Hostx64\x64\link.exe /nologo CMakeFiles\cmTC_0a2e3.dir\CheckFunctionExists.c.obj /out:cmTC_0a2e3.exe /implib:cmTC_0a2e3.lib /pdb:cmTC_0a2e3.pdb /version:0.0 /machine:x64 /debug /INCREMENTAL /subsystem:console kernel32.lib user32.lib gdi32.lib winspool.lib shell32.lib ole32.lib oleaut32.lib uuid.lib comdlg32.lib advapi32.lib /MANIFEST /MANIFESTFILE:CMakeFiles\cmTC_0a2e3.dir/intermediate.manifest CMakeFiles\cmTC_0a2e3.dir/manifest.res" failed (exit code 1120) with the following output:
CheckFunctionExists.c.obj : error LNK2019: unresolved external symbol strcasecmp referenced in function main
cmTC_0a2e3.exe : fatal error LNK1120: 1 unresolved externals
ninja: build stopped: subcommand failed.



Build output check failed:
    Regex: 'unknown .*option'
    Output line: 'cl : Command line warning D9002 : ignoring unknown option '-std=c99''
Compilation failed:
    source file: 'C:/Users/KingFu/Desktop/UGV - NGCP internship/test/NGCP_Software_2021_2022/opencv-master/out/build/x64-Debug/CMakeFiles/CMakeTmp/src.c'
    check option: ' /DWIN32 /D_WINDOWS /W3  /D _CRT_SECURE_NO_DEPRECATE /D _CRT_NONSTDC_NO_DEPRECATE /D _SCL_SECURE_NO_WARNINGS /Gy /bigobj /Oi  /fp:precise /FS     -std=c99'
===== BUILD LOG =====
Change Dir: C:/Users/KingFu/Desktop/UGV - NGCP internship/test/NGCP_Software_2021_2022/opencv-master/out/build/x64-Debug/CMakeFiles/CMakeTmp

Run Build Command(s):C:/Program Files (x86)/Microsoft Visual Studio/2019/Community/Common7/IDE/CommonExtensions/Microsoft/CMake/Ninja/ninja.exe cmTC_35092 && [1/2] Building C object CMakeFiles\cmTC_35092.dir\src.c.obj
cl : Command line warning D9002 : ignoring unknown option '-std=c99'
[2/2] Linking C executable cmTC_35092.exe


===== END =====

Determining if the include file strings.h exists failed with the following output:
Change Dir: C:/Users/KingFu/Desktop/UGV - NGCP internship/test/NGCP_Software_2021_2022/opencv-master/out/build/x64-Debug/CMakeFiles/CMakeTmp

Run Build Command(s):C:/Program Files (x86)/Microsoft Visual Studio/2019/Community/Common7/IDE/CommonExtensions/Microsoft/CMake/Ninja/ninja.exe cmTC_c0167 && [1/2] Building C object CMakeFiles\cmTC_c0167.dir\CheckIncludeFile.c.obj
FAILED: CMakeFiles/cmTC_c0167.dir/CheckIncludeFile.c.obj 
C:\PROGRA~2\MICROS~2\2019\COMMUN~1\VC\Tools\MSVC\1429~1.301\bin\Hostx64\x64\cl.exe  /nologo   /DWIN32 /D_WINDOWS /W3  /D _CRT_SECURE_NO_DEPRECATE /D _CRT_NONSTDC_NO_DEPRECATE /D _SCL_SECURE_NO_WARNINGS /Gy /bigobj /Oi  /fp:precise /FS      /MDd /Zi /Ob0 /Od /RTC1 /showIncludes /FoCMakeFiles\cmTC_c0167.dir\CheckIncludeFile.c.obj /FdCMakeFiles\cmTC_c0167.dir\ /FS -c CheckIncludeFile.c
CheckIncludeFile.c(1): fatal error C1083: Cannot open include file: 'strings.h': No such file or directory
ninja: build stopped: subcommand failed.



Determining if the include file unistd.h exists failed with the following output:
Change Dir: C:/Users/KingFu/Desktop/UGV - NGCP internship/test/NGCP_Software_2021_2022/opencv-master/out/build/x64-Debug/CMakeFiles/CMakeTmp

Run Build Command(s):C:/Program Files (x86)/Microsoft Visual Studio/2019/Community/Common7/IDE/CommonExtensions/Microsoft/CMake/Ninja/ninja.exe cmTC_d9372 && [1/2] Building C object CMakeFiles\cmTC_d9372.dir\CheckIncludeFile.c.obj
FAILED: CMakeFiles/cmTC_d9372.dir/CheckIncludeFile.c.obj 
C:\PROGRA~2\MICROS~2\2019\COMMUN~1\VC\Tools\MSVC\1429~1.301\bin\Hostx64\x64\cl.exe  /nologo   /DWIN32 /D_WINDOWS /W3  /D _CRT_SECURE_NO_DEPRECATE /D _CRT_NONSTDC_NO_DEPRECATE /D _SCL_SECURE_NO_WARNINGS /Gy /bigobj /Oi  /fp:precise /FS      /MDd /Zi /Ob0 /Od /RTC1 /showIncludes /FoCMakeFiles\cmTC_d9372.dir\CheckIncludeFile.c.obj /FdCMakeFiles\cmTC_d9372.dir\ /FS -c CheckIncludeFile.c
CheckIncludeFile.c(1): fatal error C1083: Cannot open include file: 'unistd.h': No such file or directory
ninja: build stopped: subcommand failed.



Determining if the posix_memalign exist failed with the following output:
Change Dir: C:/Users/KingFu/Desktop/UGV - NGCP internship/test/NGCP_Software_2021_2022/opencv-master/out/build/x64-Debug/CMakeFiles/CMakeTmp

Run Build Command(s):C:/Program Files (x86)/Microsoft Visual Studio/2019/Community/Common7/IDE/CommonExtensions/Microsoft/CMake/Ninja/ninja.exe cmTC_78086 && [1/2] Building C object CMakeFiles\cmTC_78086.dir\CheckSymbolExists.c.obj
FAILED: CMakeFiles/cmTC_78086.dir/CheckSymbolExists.c.obj 
C:\PROGRA~2\MICROS~2\2019\COMMUN~1\VC\Tools\MSVC\1429~1.301\bin\Hostx64\x64\cl.exe  /nologo -D_POSIX_C_SOURCE=200112L  /DWIN32 /D_WINDOWS /W3  /D _CRT_SECURE_NO_DEPRECATE /D _CRT_NONSTDC_NO_DEPRECATE /D _SCL_SECURE_NO_WARNINGS /Gy /bigobj /Oi  /fp:precise /FS      /MDd /Zi /Ob0 /Od /RTC1 /showIncludes /FoCMakeFiles\cmTC_78086.dir\CheckSymbolExists.c.obj /FdCMakeFiles\cmTC_78086.dir\ /FS -c CheckSymbolExists.c
CheckSymbolExists.c(8): error C2065: 'posix_memalign': undeclared identifier
ninja: build stopped: subcommand failed.


File C:/Users/KingFu/Desktop/UGV - NGCP internship/test/NGCP_Software_2021_2022/opencv-master/out/build/x64-Debug/CMakeFiles/CMakeTmp/CheckSymbolExists.c:
/* */
#include <stdlib.h>

int main(int argc, char** argv)
{
  (void)argv;
#ifndef posix_memalign
  return ((int*)(&posix_memalign))[argc];
#else
  (void)argc;
  return 0;
#endif
}
Determining if the memalign exist failed with the following output:
Change Dir: C:/Users/KingFu/Desktop/UGV - NGCP internship/test/NGCP_Software_2021_2022/opencv-master/out/build/x64-Debug/CMakeFiles/CMakeTmp

Run Build Command(s):C:/Program Files (x86)/Microsoft Visual Studio/2019/Community/Common7/IDE/CommonExtensions/Microsoft/CMake/Ninja/ninja.exe cmTC_7d67c && [1/2] Building C object CMakeFiles\cmTC_7d67c.dir\CheckSymbolExists.c.obj
FAILED: CMakeFiles/cmTC_7d67c.dir/CheckSymbolExists.c.obj 
C:\PROGRA~2\MICROS~2\2019\COMMUN~1\VC\Tools\MSVC\1429~1.301\bin\Hostx64\x64\cl.exe  /nologo   /DWIN32 /D_WINDOWS /W3  /D _CRT_SECURE_NO_DEPRECATE /D _CRT_NONSTDC_NO_DEPRECATE /D _SCL_SECURE_NO_WARNINGS /Gy /bigobj /Oi  /fp:precise /FS      /MDd /Zi /Ob0 /Od /RTC1 /showIncludes /FoCMakeFiles\cmTC_7d67c.dir\CheckSymbolExists.c.obj /FdCMakeFiles\cmTC_7d67c.dir\ /FS -c CheckSymbolExists.c
CheckSymbolExists.c(8): error C2065: 'memalign': undeclared identifier
ninja: build stopped: subcommand failed.


File C:/Users/KingFu/Desktop/UGV - NGCP internship/test/NGCP_Software_2021_2022/opencv-master/out/build/x64-Debug/CMakeFiles/CMakeTmp/CheckSymbolExists.c:
/* */
#include <malloc.h>

int main(int argc, char** argv)
{
  (void)argv;
#ifndef memalign
  return ((int*)(&memalign))[argc];
#else
  (void)argc;
  return 0;
#endif
}
Determining if the include file pthread.h exists failed with the following output:
Change Dir: C:/Users/KingFu/Desktop/UGV - NGCP internship/test/NGCP_Software_2021_2022/opencv-master/out/build/x64-Debug/CMakeFiles/CMakeTmp

Run Build Command(s):C:/Program Files (x86)/Microsoft Visual Studio/2019/Community/Common7/IDE/CommonExtensions/Microsoft/CMake/Ninja/ninja.exe cmTC_6475a && [1/2] Building C object CMakeFiles\cmTC_6475a.dir\CheckIncludeFile.c.obj
FAILED: CMakeFiles/cmTC_6475a.dir/CheckIncludeFile.c.obj 
C:\PROGRA~2\MICROS~2\2019\COMMUN~1\VC\Tools\MSVC\1429~1.301\bin\Hostx64\x64\cl.exe  /nologo   /DWIN32 /D_WINDOWS /W3  /D _CRT_SECURE_NO_DEPRECATE /D _CRT_NONSTDC_NO_DEPRECATE /D _SCL_SECURE_NO_WARNINGS /Gy /bigobj /Oi  /fp:precise /FS      /MDd /Zi /Ob0 /Od /RTC1 /showIncludes /FoCMakeFiles\cmTC_6475a.dir\CheckIncludeFile.c.obj /FdCMakeFiles\cmTC_6475a.dir\ /FS -c CheckIncludeFile.c
CheckIncludeFile.c(1): fatal error C1083: Cannot open include file: 'pthread.h': No such file or directory
ninja: build stopped: subcommand failed.



Determining if the function sgemm_ exists failed with the following output:
Change Dir: C:/Users/KingFu/Desktop/UGV - NGCP internship/test/NGCP_Software_2021_2022/opencv-master/out/build/x64-Debug/CMakeFiles/CMakeTmp

Run Build Command(s):C:/Program Files (x86)/Microsoft Visual Studio/2019/Community/Common7/IDE/CommonExtensions/Microsoft/CMake/Ninja/ninja.exe cmTC_4bc78 && [1/2] Building C object CMakeFiles\cmTC_4bc78.dir\CheckFunctionExists.c.obj
[2/2] Linking C executable cmTC_4bc78.exe
FAILED: cmTC_4bc78.exe 
cmd.exe /C "cd . && "C:\Program Files (x86)\Microsoft Visual Studio\2019\Community\Common7\IDE\CommonExtensions\Microsoft\CMake\CMake\bin\cmake.exe" -E vs_link_exe --intdir=CMakeFiles\cmTC_4bc78.dir --rc=C:\PROGRA~2\WI3CF2~1\10\bin\100190~1.0\x64\rc.exe --mt=C:\PROGRA~2\WI3CF2~1\10\bin\100190~1.0\x64\mt.exe --manifests  -- C:\PROGRA~2\MICROS~2\2019\COMMUN~1\VC\Tools\MSVC\1429~1.301\bin\Hostx64\x64\link.exe /nologo CMakeFiles\cmTC_4bc78.dir\CheckFunctionExists.c.obj  /out:cmTC_4bc78.exe /implib:cmTC_4bc78.lib /pdb:cmTC_4bc78.pdb /version:0.0 /machine:x64   /debug /INCREMENTAL /subsystem:console  kernel32.lib user32.lib gdi32.lib winspool.lib shell32.lib ole32.lib oleaut32.lib uuid.lib comdlg32.lib advapi32.lib && cd ."
LINK Pass 1: command "C:\PROGRA~2\MICROS~2\2019\COMMUN~1\VC\Tools\MSVC\1429~1.301\bin\Hostx64\x64\link.exe /nologo CMakeFiles\cmTC_4bc78.dir\CheckFunctionExists.c.obj /out:cmTC_4bc78.exe /implib:cmTC_4bc78.lib /pdb:cmTC_4bc78.pdb /version:0.0 /machine:x64 /debug /INCREMENTAL /subsystem:console kernel32.lib user32.lib gdi32.lib winspool.lib shell32.lib ole32.lib oleaut32.lib uuid.lib comdlg32.lib advapi32.lib /MANIFEST /MANIFESTFILE:CMakeFiles\cmTC_4bc78.dir/intermediate.manifest CMakeFiles\cmTC_4bc78.dir/manifest.res" failed (exit code 1120) with the following output:
CheckFunctionExists.c.obj : error LNK2019: unresolved external symbol sgemm_ referenced in function main
cmTC_4bc78.exe : fatal error LNK1120: 1 unresolved externals
ninja: build stopped: subcommand failed.



